Using pre-set license
Built from '2020.3/staging' branch; Version is '2020.3.8f1 (507919d4fff5) revision 5273881'; Using compiler version '192528614'; Build Type 'Release'
OS: 'Windows 10 Home Single Language; OS build 19042.1237; Version 2009; 64bit' Language: 'ru' Physical Memory: 16227 MB
BatchMode: 1, IsHumanControllingUs: 0, StartBugReporterOnCrash: 0, Is64bit: 1, IsPro: 0

 COMMAND LINE ARGUMENTS:
C:\Program Files\Unity\Hub\Editor\2020.3.8f1\Editor\Unity.exe
-adb2
-batchMode
-noUpm
-name
AssetImportWorker0
-projectPath
D:/Unity/Заказы на разработку/ParkourBlock/Inventory/Inventory
-logFile
Logs/AssetImportWorker0.log
-srvPort
55818
Successfully changed project path to: D:/Unity/Заказы на разработку/ParkourBlock/Inventory/Inventory
D:/Unity/Заказы на разработку/ParkourBlock/Inventory/Inventory
Using Asset Import Pipeline V2.
Refreshing native plugins compatible for Editor in 21.07 ms, found 0 plugins.
Preloading 0 native plugins for Editor in 0.00 ms.
Initialize engine version: 2020.3.8f1 (507919d4fff5)
[Subsystems] Discovering subsystems at path C:/Program Files/Unity/Hub/Editor/2020.3.8f1/Editor/Data/Resources/UnitySubsystems
[Subsystems] Discovering subsystems at path D:/Unity/Заказы на разработку/ParkourBlock/Inventory/Inventory/Assets
GfxDevice: creating device client; threaded=0
Direct3D:
    Version:  Direct3D 11.0 [level 11.1]
    Renderer: NVIDIA GeForce GTX 1650 Ti (ID=0x1f95)
    Vendor:   
    VRAM:     3962 MB
    Driver:   27.21.14.6172
Initialize mono
Mono path[0] = 'C:/Program Files/Unity/Hub/Editor/2020.3.8f1/Editor/Data/Managed'
Mono path[1] = 'C:/Program Files/Unity/Hub/Editor/2020.3.8f1/Editor/Data/MonoBleedingEdge/lib/mono/unityjit'
Mono config path = 'C:/Program Files/Unity/Hub/Editor/2020.3.8f1/Editor/Data/MonoBleedingEdge/etc'
Using monoOptions --debugger-agent=transport=dt_socket,embedding=1,server=y,suspend=n,address=127.0.0.1:56304
Begin MonoManager ReloadAssembly
Registering precompiled unity dll's ...
Register platform support module: C:/Program Files/Unity/Hub/Editor/2020.3.8f1/Editor/Data/PlaybackEngines/WindowsStandaloneSupport/UnityEditor.WindowsStandalone.Extensions.dll
Registered in 0.001717 seconds.
Native extension for WindowsStandalone target not found
Refreshing native plugins compatible for Editor in 20.58 ms, found 0 plugins.
Preloading 0 native plugins for Editor in 0.00 ms.
Mono: successfully reloaded assembly
- Completed reload, in  1.804 seconds
Platform modules already initialized, skipping
Registering precompiled user dll's ...
Registered in 0.000400 seconds.
Begin MonoManager ReloadAssembly
Native extension for WindowsStandalone target not found
Refreshing native plugins compatible for Editor in 0.17 ms, found 0 plugins.
Preloading 0 native plugins for Editor in 0.00 ms.
Mono: successfully reloaded assembly
- Completed reload, in  0.736 seconds
Platform modules already initialized, skipping
========================================================================
Worker process is ready to serve import requests
Launched and connected shader compiler UnityShaderCompiler.exe after 0.04 seconds
Refreshing native plugins compatible for Editor in 0.30 ms, found 0 plugins.
Preloading 0 native plugins for Editor in 0.00 ms.
Unloading 1126 Unused Serialized files (Serialized files now loaded: 0)
System memory in use before: 58.6 MB.
System memory in use after: 58.7 MB.

Unloading 10 unused Assets to reduce memory usage. Loaded Objects now: 1572.
Total: 1.719700 ms (FindLiveObjects: 0.118000 ms CreateObjectMapping: 0.032100 ms MarkObjects: 1.506400 ms  DeleteObjects: 0.062200 ms)

========================================================================
Received Import Request.
  path: Assets/Scripts/IInventory.cs
  artifactKey: Guid(f4a231fb06c05a242ace8c9cd327d05c) Importer(815301076,1909f56bfc062723c751e8b465ee728b)
Start importing Assets/Scripts/IInventory.cs using Guid(f4a231fb06c05a242ace8c9cd327d05c) Importer(815301076,1909f56bfc062723c751e8b465ee728b)  -> (artifact id: '190f81cf0607976c7014e653c768f899') in 0.028374 seconds
  Import took 0.029856 seconds .

========================================================================
Received Import Request.
  Time since last request: 0.716810 seconds.
  path: Assets/Scripts/Inventory.cs
  artifactKey: Guid(65aa50463a3d4f745a4dfad0d3d1c282) Importer(815301076,1909f56bfc062723c751e8b465ee728b)
Start importing Assets/Scripts/Inventory.cs using Guid(65aa50463a3d4f745a4dfad0d3d1c282) Importer(815301076,1909f56bfc062723c751e8b465ee728b)  -> (artifact id: 'afdf95d2699cfe48d901d305c00a30eb') in 0.011450 seconds
  Import took 0.013358 seconds .

========================================================================
Received Import Request.
  Time since last request: 0.019016 seconds.
  path: Assets/Scripts/Inventory.cs
  artifactKey: Guid(65aa50463a3d4f745a4dfad0d3d1c282) Importer(815301076,1909f56bfc062723c751e8b465ee728b)
Start importing Assets/Scripts/Inventory.cs using Guid(65aa50463a3d4f745a4dfad0d3d1c282) Importer(815301076,1909f56bfc062723c751e8b465ee728b)  -> (artifact id: 'afdf95d2699cfe48d901d305c00a30eb') in 0.001320 seconds
  Import took 0.003058 seconds .

========================================================================
Received Import Request.
  Time since last request: 697.425977 seconds.
  path: Assets/Scripts/Slot.cs
  artifactKey: Guid(cd3f202079576024e891d96060a18335) Importer(815301076,1909f56bfc062723c751e8b465ee728b)
Start importing Assets/Scripts/Slot.cs using Guid(cd3f202079576024e891d96060a18335) Importer(815301076,1909f56bfc062723c751e8b465ee728b)  -> (artifact id: '959454ee575a4b222fd7cf3e8457f9e5') in 0.103074 seconds
  Import took 0.116995 seconds .

========================================================================
Received Import Request.
  Time since last request: 6.156191 seconds.
  path: Assets/Scripts/ItemViewer.cs
  artifactKey: Guid(8df43c90c50845d449a7fd8e66b7f79f) Importer(815301076,1909f56bfc062723c751e8b465ee728b)
Start importing Assets/Scripts/ItemViewer.cs using Guid(8df43c90c50845d449a7fd8e66b7f79f) Importer(815301076,1909f56bfc062723c751e8b465ee728b)  -> (artifact id: '671aad90593c22b7bdcaa0af3acfd8c2') in 0.010449 seconds
  Import took 0.012505 seconds .

AssetImportWorkerClient::OnTransportError - code=2 error=End of file
